D:\Visual Studio 2022\MSBuild\Microsoft\VC\v160\Microsoft.CppBuild.targets(499,5): warning MSB8004: o diretório Output não termina com uma barra à direita. Essa instância de compilação adicionará a barra conforme necessário para permitir a avaliação adequada do Diretório Output.
D:\Visual Studio 2022\MSBuild\Microsoft\VC\v160\Microsoft.CppBuild.targets(513,5): warning MSB8028: O diretório intermediário (Release\) contém arquivos compartilhados de outro projeto (Project NaCl.vcxproj). Isso pode levar a um comportamento incorreto de limpeza e recompilação.
  Aimbot.cpp
  AutoAirblast.cpp
  Backtrack.cpp
  CBaseEntity.cpp
  CDraw.cpp
  CDrawManager.cpp
  CEtags.cpp
  Client.cpp
  CMat.cpp
  CNetVars.cpp
  Controls.cpp
  ConVar.cpp
  cvwrapper.cpp
  DLLMain.cpp
  ESP.cpp
  HvH.cpp
  KeyValues.cpp
  Log.cpp
  Menu.cpp
  Misc.cpp
  Compilando...
  Offsets.cpp
  Panels.cpp
  CSignature.cpp
  SFreezing.cpp
  Sticky.cpp
  Styles.cpp
  Triggerbot.cpp
  Util.cpp
  VMTHooks.cpp
  Gerando código
  Previous IPDB not found, fall back to full compilation.
  All 1569 functions were compiled because no usable IPDB/IOBJ from previous compilation was found.
  Finalizada a geração de código
  Darkstorm.vcxproj -> C:\ExxtionsTF\Exxtions.dll
