c:\users\vitinho\desktop\exxtiontf\release\vc142.pdb
c:\users\vitinho\desktop\exxtiontf\release\misc.obj
c:\users\vitinho\desktop\exxtiontf\release\menu.obj
c:\users\vitinho\desktop\exxtiontf\release\log.obj
c:\users\vitinho\desktop\exxtiontf\release\keyvalues.obj
c:\users\vitinho\desktop\exxtiontf\release\hvh.obj
c:\users\vitinho\desktop\exxtiontf\release\esp.obj
c:\users\vitinho\desktop\exxtiontf\release\dllmain.obj
c:\users\vitinho\desktop\exxtiontf\release\cvwrapper.obj
c:\users\vitinho\desktop\exxtiontf\release\convar.obj
c:\users\vitinho\desktop\exxtiontf\release\controls.obj
c:\users\vitinho\desktop\exxtiontf\release\cnetvars.obj
c:\users\vitinho\desktop\exxtiontf\release\cmat.obj
c:\users\vitinho\desktop\exxtiontf\release\client.obj
c:\users\vitinho\desktop\exxtiontf\release\cetags.obj
c:\users\vitinho\desktop\exxtiontf\release\cdrawmanager.obj
c:\users\vitinho\desktop\exxtiontf\release\cdraw.obj
c:\users\vitinho\desktop\exxtiontf\release\cbaseentity.obj
c:\users\vitinho\desktop\exxtiontf\release\backtrack.obj
c:\users\vitinho\desktop\exxtiontf\release\autoairblast.obj
c:\users\vitinho\desktop\exxtiontf\release\aimbot.obj
c:\users\vitinho\desktop\exxtiontf\release\vmthooks.obj
c:\users\vitinho\desktop\exxtiontf\release\util.obj
c:\users\vitinho\desktop\exxtiontf\release\triggerbot.obj
c:\users\vitinho\desktop\exxtiontf\release\styles.obj
c:\users\vitinho\desktop\exxtiontf\release\sticky.obj
c:\users\vitinho\desktop\exxtiontf\release\sfreezing.obj
c:\users\vitinho\desktop\exxtiontf\release\csignature.obj
c:\users\vitinho\desktop\exxtiontf\release\panels.obj
c:\users\vitinho\desktop\exxtiontf\release\offsets.obj
c:\exxtionstf\exxtions.dll
c:\users\vitinho\desktop\exxtiontf\release\exxtions.ipdb
c:\users\vitinho\desktop\exxtiontf\release\exxtions.iobj
c:\users\vitinho\desktop\exxtiontf\release\exxtionstf.tlog\cl.command.1.tlog
c:\users\vitinho\desktop\exxtiontf\release\exxtionstf.tlog\cl.read.1.tlog
c:\users\vitinho\desktop\exxtiontf\release\exxtionstf.tlog\cl.write.1.tlog
c:\users\vitinho\desktop\exxtiontf\release\exxtionstf.tlog\link.command.1.tlog
c:\users\vitinho\desktop\exxtiontf\release\exxtionstf.tlog\link.read.1.tlog
c:\users\vitinho\desktop\exxtiontf\release\exxtionstf.tlog\link.write.1.tlog
