c:\users\vitinho\desktop\projectnacl-master\release\vc142.pdb
c:\users\vitinho\desktop\projectnacl-master\release\misc.obj
c:\users\vitinho\desktop\projectnacl-master\release\menu.obj
c:\users\vitinho\desktop\projectnacl-master\release\log.obj
c:\users\vitinho\desktop\projectnacl-master\release\keyvalues.obj
c:\users\vitinho\desktop\projectnacl-master\release\hvh.obj
c:\users\vitinho\desktop\projectnacl-master\release\esp.obj
c:\users\vitinho\desktop\projectnacl-master\release\dllmain.obj
c:\users\vitinho\desktop\projectnacl-master\release\cvwrapper.obj
c:\users\vitinho\desktop\projectnacl-master\release\convar.obj
c:\users\vitinho\desktop\projectnacl-master\release\controls.obj
c:\users\vitinho\desktop\projectnacl-master\release\cnetvars.obj
c:\users\vitinho\desktop\projectnacl-master\release\cmat.obj
c:\users\vitinho\desktop\projectnacl-master\release\client.obj
c:\users\vitinho\desktop\projectnacl-master\release\cetags.obj
c:\users\vitinho\desktop\projectnacl-master\release\cdrawmanager.obj
c:\users\vitinho\desktop\projectnacl-master\release\cdraw.obj
c:\users\vitinho\desktop\projectnacl-master\release\cbaseentity.obj
c:\users\vitinho\desktop\projectnacl-master\release\backtrack.obj
c:\users\vitinho\desktop\projectnacl-master\release\autoairblast.obj
c:\users\vitinho\desktop\projectnacl-master\release\aimbot.obj
c:\users\vitinho\desktop\projectnacl-master\release\vmthooks.obj
c:\users\vitinho\desktop\projectnacl-master\release\util.obj
c:\users\vitinho\desktop\projectnacl-master\release\triggerbot.obj
c:\users\vitinho\desktop\projectnacl-master\release\styles.obj
c:\users\vitinho\desktop\projectnacl-master\release\sticky.obj
c:\users\vitinho\desktop\projectnacl-master\release\sfreezing.obj
c:\users\vitinho\desktop\projectnacl-master\release\csignature.obj
c:\users\vitinho\desktop\projectnacl-master\release\panels.obj
c:\users\vitinho\desktop\projectnacl-master\release\offsets.obj
c:\project nacl\nacl.dll
c:\users\vitinho\desktop\projectnacl-master\release\nacl.ipdb
c:\users\vitinho\desktop\projectnacl-master\release\nacl.iobj
c:\users\vitinho\desktop\projectnacl-master\release\project nacl.tlog\cl.command.1.tlog
c:\users\vitinho\desktop\projectnacl-master\release\project nacl.tlog\cl.read.1.tlog
c:\users\vitinho\desktop\projectnacl-master\release\project nacl.tlog\cl.write.1.tlog
c:\users\vitinho\desktop\projectnacl-master\release\project nacl.tlog\link.command.1.tlog
c:\users\vitinho\desktop\projectnacl-master\release\project nacl.tlog\link.read.1.tlog
c:\users\vitinho\desktop\projectnacl-master\release\project nacl.tlog\link.write.1.tlog
